<?xml version="1.0" encoding="UTF-8"?>
<!-- Generated by org.testng.reporters.JUnitReportReporter -->
<testsuite hostname="DESKTOP-GA3FTFK" failures="0" tests="5" name="test.TestClass" time="102.326" errors="0" timestamp="2023-02-06T09:59:26 IST" skipped="0">
  <testcase classname="test.TestClass" name="dbtest1" time="21.736"/>
  <system-out/>
  <testcase classname="test.TestClass" name="dbtest1" time="18.405"/>
  <system-out/>
  <testcase classname="test.TestClass" name="dbtest1" time="20.811"/>
  <system-out/>
  <testcase classname="test.TestClass" name="dbtest1" time="20.659"/>
  <system-out/>
  <testcase classname="test.TestClass" name="dbtest1" time="20.715"/>
  <system-out/>
</testsuite> <!-- test.TestClass -->
